<?xml version="1.0" encoding="UTF-8"?>
<!-- Generated by org.testng.reporters.JUnitXMLReporter -->
<testsuite ignored="4" hostname="Swasthik" failures="0" tests="1" name="Default test" time="5.533" errors="0" timestamp="2024-03-19T18:09:51 IST">
  <testcase classname="tutorialsninja.Login1" name="loginWithValidCredentials" time="1.841"/>
  <testcase classname="tutorialsninja.Login1" name="LoginWithInvalidEmailAndValidPassword" time="0.0">
    <ignored/>
  </testcase> <!-- LoginWithInvalidEmailAndValidPassword -->
  <testcase classname="tutorialsninja.Login1" name="LoginWithInvalidCredentials" time="0.0">
    <ignored/>
  </testcase> <!-- LoginWithInvalidCredentials -->
  <testcase classname="tutorialsninja.Login1" name="verifyUserLoginWithoutGivingCredentials" time="0.0">
    <ignored/>
  </testcase> <!-- verifyUserLoginWithoutGivingCredentials -->
  <testcase classname="tutorialsninja.Login1" name="LoginWithValidEmailAndInvalidPassword" time="0.0">
    <ignored/>
  </testcase> <!-- LoginWithValidEmailAndInvalidPassword -->
</testsuite> <!-- Default test -->
