<?xml version="1.0" encoding="UTF-8"?>
<testng-results ignored="0" total="1" passed="1" failed="0" skipped="0">
  <reporter-output>
  </reporter-output>
  <suite started-at="2024-03-19T18:09:45 IST" name="Default suite" finished-at="2024-03-19T18:09:51 IST" duration-ms="5533">
    <groups>
    </groups>
    <test started-at="2024-03-19T18:09:45 IST" name="Default test" finished-at="2024-03-19T18:09:51 IST" duration-ms="5533">
      <class name="tutorialsninja.Login1">
        <test-method is-config="true" signature="setup()[pri:0, instance:tutorialsninja.Login1@1e0b4072]" started-at="2024-03-19T18:09:45 IST" name="setup" finished-at="2024-03-19T18:09:49 IST" duration-ms="3376" status="PASS">
          <reporter-output>
          </reporter-output>
        </test-method> <!-- setup -->
        <test-method signature="loginWithValidCredentials()[pri:1, instance:tutorialsninja.Login1@1e0b4072]" started-at="2024-03-19T18:09:49 IST" name="loginWithValidCredentials" finished-at="2024-03-19T18:09:50 IST" duration-ms="1841" status="PASS">
          <reporter-output>
          </reporter-output>
        </test-method> <!-- loginWithValidCredentials -->
        <test-method is-config="true" signature="tearDown()[pri:0, instance:tutorialsninja.Login1@1e0b4072]" started-at="2024-03-19T18:09:50 IST" name="tearDown" finished-at="2024-03-19T18:09:51 IST" duration-ms="258" status="PASS">
          <reporter-output>
          </reporter-output>
        </test-method> <!-- tearDown -->
      </class> <!-- tutorialsninja.Login1 -->
    </test> <!-- Default test -->
  </suite> <!-- Default suite -->
</testng-results>
